
<?xml version="1.0" encoding="UTF-8"?>
<testsuites>
	<testsuite tests="1" failures="0" time="0.608" name="github.com/voonik/sc2/internal/app/test/models">
		<properties>
			<property name="go.version" value="go1.16.3"></property>
			<property name="coverage.statements.pct" value="1.4"></property>
		</properties>
		<testcase classname="models" name="TestModels" time="0.030"></testcase>
	</testsuite>
	<testsuite tests="1" failures="1" time="0.457" name="github.com/voonik/sc2/internal/app/test/services/create_adjustment_service">
		<properties>
			<property name="go.version" value="go1.16.3"></property>
			<property name="coverage.statements.pct" value="6.8"></property>
		</properties>
		<testcase classname="create_adjustment_service" name="TestCreateAdjustmentService" time="0.050">
			<failure message="Failed" type="">Running Suite: CreateAdjustmentService Suite&#xA;============================================&#xA;Random Seed: 1627432986&#xA;Will run 2 of 2 specs&#xA;&#xA;0&#xA;[{1 1 0}]&#xA;map[cache:0x16b9300 cloudStorage:0x16b9ca0 database:0x16ba500 function:0x16bb380]&#xA;database&#xA;time=&#34;2021-07-28T06:13:06+05:30&#34; level=info msg=&#34;[[[sql /Users/suriyasrinivasan/GoLang/pkg/mod/github.com/voonik/go!framework@v0.0.0-20210727154703-48cb1d60b150/pkg/aaa/models/app_preference.go:84 1.480651ms SELECT * FROM `shopping_cart_app_preferences`  WHERE (`shopping_cart_app_preferences`.`vaccount_id` = ?) [1] 1]]]&#34; pkg=mysql&#xA;map[cache:0x16b9300 cloudStorage:0x16b9ca0 database:0x16ba500 function:0x16bb380]&#xA;database&#xA;time=&#34;2021-07-28T06:13:06+05:30&#34; level=info msg=&#34;[[[sql /Users/suriyasrinivasan/GoLang/pkg/mod/github.com/voonik/go!framework@v0.0.0-20210727154703-48cb1d60b150/pkg/aaa/models/common_preference.go:53 238.221µs SELECT * FROM `shopping_cart_common_preferences`   [] 0]]]&#34; pkg=mysql&#xA;map[cache:0x16b9300 cloudStorage:0x16b9ca0 database:0x16ba500 function:0x16bb380]&#xA;database&#xA;time=&#34;2021-07-28T06:13:06+05:30&#34; level=info msg=&#34;[[[sql /Users/suriyasrinivasan/GoLang/src/github.com/voonik/sc2/internal/app/models/order.go:87 545.698µs SELECT * FROM `orders`  WHERE (`orders`.`number` = ?) AND (`orders`.`vaccount_id` = ?) [S3387700550 1] 0]]]&#34; pkg=mysql&#xA;map[cache:0x16b9300 cloudStorage:0x16b9ca0 database:0x16ba500 function:0x16bb380]&#xA;database&#xA;time=&#34;2021-07-28T06:13:06+05:30&#34; level=info msg=&#34;[[[sql /Users/suriyasrinivasan/GoLang/src/github.com/voonik/sc2/internal/app/test/services/create_adjustment_service/create_discount_test.go:48 560.915µs INSERT INTO `orders` (`created_at`,`updated_at`,`vaccount_id`,`number`,`total`,`item_total`,`state`,`adjustment_total`,`user_id`,`email`,`bill_address_id`,`ship_address_id`,`completed_at`,`device_type`,`otp`) VALUES (?,?,?,?,?,?,?,?,?,?,?,?,?,?,?) [2021-07-28 06:13:06.652973 +0530 IST m=+0.026797442 2021-07-28 06:13:06.652973 +0530 IST m=+0.026797442 1 S3387700550 0 0 cart 0 38082  0 0 2021-07-28 06:13:06.646877 +0530 IST m=+0.020701475 1 ] 1]]]&#34; pkg=mysql&#xA;map[cache:0x16b9300 cloudStorage:0x16b9ca0 database:0x16ba500 function:0x16bb380]&#xA;database&#xA;time=&#34;2021-07-28T06:13:06+05:30&#34; level=info msg=&#34;[[[sql /Users/suriyasrinivasan/GoLang/src/github.com/voonik/sc2/internal/app/test/services/create_adjustment_service/create_discount_test.go:48 498.465µs INSERT INTO `adjustments` (`created_at`,`updated_at`,`vaccount_id`,`amount`,`eligible`,`originator_id`,`originator_type`,`label`,`locked`,`order_id`,`line_item_id`,`seller_id`,`adjustment_type`,`income`) VALUES (?,?,?,?,?,?,?,?,?,?,?,?,?,?) [2021-07-28 06:13:06.65375 +0530 IST m=+0.027574620 2021-07-28 06:13:06.65375 +0530 IST m=+0.027574620 1 100 true 0  Discount false 1 0 20 3 0] 1]]]&#34; pkg=mysql&#xA;map[cache:0x16b9300 cloudStorage:0x16b9ca0 database:0x16ba500 function:0x16bb380]&#xA;database&#xA;time=&#34;2021-07-28T06:13:06+05:30&#34; level=info msg=&#34;[[[sql /Users/suriyasrinivasan/GoLang/src/github.com/voonik/sc2/internal/app/test/services/create_adjustment_service/create_discount_test.go:48 450.653µs INSERT INTO `order_portal_mappings` (`vaccount_id`,`portal_id`,`order_id`) VALUES (?,?,?) [1 1 1] 1]]]&#34; pkg=mysql&#xA;[]&#xA;map[cache:0x16b9300 cloudStorage:0x16b9ca0 database:0x16ba500 function:0x16bb380]&#xA;database&#xA;time=&#34;2021-07-28T06:13:06+05:30&#34; level=info msg=&#34;[[[sql /Users/suriyasrinivasan/GoLang/src/github.com/voonik/sc2/internal/app/test/services/create_adjustment_service/create_discount_test.go:51 869.183µs SELECT * FROM `adjustments`  WHERE (`adjustments`.`eligible` = ?) AND (`adjustments`.`order_id` = ?) AND (`adjustments`.`adjustment_type` = ?) AND (`adjustments`.`vaccount_id` = ?) ORDER BY `adjustments`.`id` ASC LIMIT 1 [true 1 3 1] 1]]]&#34; pkg=mysql&#xA;{{{1 2021-07-28 06:13:07 +0530 IST 2021-07-28 06:13:07 +0530 IST} 1} 100 true 0  Discount false 1 0 20 3 0}&#xA;• Failure [0.011 seconds]&#xA;CreateAdjustmentService&#xA;/Users/suriyasrinivasan/GoLang/src/github.com/voonik/sc2/internal/app/test/services/create_adjustment_service/create_discount_test.go:20&#xA;  Create AdjustMent&#xA;  /Users/suriyasrinivasan/GoLang/src/github.com/voonik/sc2/internal/app/test/services/create_adjustment_service/create_discount_test.go:29&#xA;    Create Discount [It]&#xA;    /Users/suriyasrinivasan/GoLang/src/github.com/voonik/sc2/internal/app/test/services/create_adjustment_service/create_discount_test.go:30&#xA;&#xA;    Expected&#xA;        &lt;string&gt;: Discount&#xA;    to equal&#xA;        &lt;string&gt;: iscount&#xA;&#xA;    /Users/suriyasrinivasan/GoLang/src/github.com/voonik/sc2/internal/app/test/services/create_adjustment_service/create_discount_test.go:55&#xA;------------------------------&#xA;0&#xA;[{1 1 0}]&#xA;map[cache:0x16b9300 cloudStorage:0x16b9ca0 database:0x16ba500 function:0x16bb380]&#xA;database&#xA;time=&#34;2021-07-28T06:13:06+05:30&#34; level=info msg=&#34;[[[sql /Users/suriyasrinivasan/GoLang/src/github.com/voonik/sc2/internal/app/models/order.go:87 550.459µs SELECT * FROM `orders`  WHERE (`orders`.`number` = ?) AND (`orders`.`vaccount_id` = ?) [S9100650223 1] 0]]]&#34; pkg=mysql&#xA;map[cache:0x16b9300 cloudStorage:0x16b9ca0 database:0x16ba500 function:0x16bb380]&#xA;database&#xA;time=&#34;2021-07-28T06:13:06+05:30&#34; level=info msg=&#34;[[[sql /Users/suriyasrinivasan/GoLang/src/github.com/voonik/sc2/internal/app/test/services/create_adjustment_service/create_shipping_charges_test.go:42 472.895µs INSERT INTO `orders` (`created_at`,`updated_at`,`vaccount_id`,`number`,`total`,`item_total`,`state`,`adjustment_total`,`user_id`,`email`,`bill_address_id`,`ship_address_id`,`completed_at`,`device_type`,`otp`) VALUES (?,?,?,?,?,?,?,?,?,?,?,?,?,?,?) [2021-07-28 06:13:06.659143 +0530 IST m=+0.032967860 2021-07-28 06:13:06.659143 +0530 IST m=+0.032967860 1 S9100650223 0 0 cart 0 7888  0 0 2021-07-28 06:13:06.658202 +0530 IST m=+0.032027414 1 ] 1]]]&#34; pkg=mysql&#xA;map[cache:0x16b9300 cloudStorage:0x16b9ca0 database:0x16ba500 function:0x16bb380]&#xA;database&#xA;time=&#34;2021-07-28T06:13:06+05:30&#34; level=info msg=&#34;[[[sql /Users/suriyasrinivasan/GoLang/src/github.com/voonik/sc2/internal/app/test/services/create_adjustment_service/create_shipping_charges_test.go:42 479.571µs INSERT INTO `adjustments` (`created_at`,`updated_at`,`vaccount_id`,`amount`,`eligible`,`originator_id`,`originator_type`,`label`,`locked`,`order_id`,`line_item_id`,`seller_id`,`adjustment_type`,`income`) VALUES (?,?,?,?,?,?,?,?,?,?,?,?,?,?) [2021-07-28 06:13:06.6598 +0530 IST m=+0.033625289 2021-07-28 06:13:06.6598 +0530 IST m=+0.033625289 1 100 true 0  Shipping Charges false 2 0 20 2 0] 1]]]&#34; pkg=mysql&#xA;map[cache:0x16b9300 cloudStorage:0x16b9ca0 database:0x16ba500 function:0x16bb380]&#xA;database&#xA;time=&#34;2021-07-28T06:13:06+05:30&#34; level=info msg=&#34;[[[sql /Users/suriyasrinivasan/GoLang/src/github.com/voonik/sc2/internal/app/test/services/create_adjustment_service/create_shipping_charges_test.go:42 357.105µs INSERT INTO `order_portal_mappings` (`vaccount_id`,`portal_id`,`order_id`) VALUES (?,?,?) [1 1 2] 1]]]&#34; pkg=mysql&#xA;[]&#xA;map[cache:0x16b9300 cloudStorage:0x16b9ca0 database:0x16ba500 function:0x16bb380]&#xA;database&#xA;time=&#34;2021-07-28T06:13:06+05:30&#34; level=info msg=&#34;[[[sql /Users/suriyasrinivasan/GoLang/src/github.com/voonik/sc2/internal/app/test/services/create_adjustment_service/create_shipping_charges_test.go:45 622.208µs SELECT * FROM `adjustments`  WHERE (`adjustments`.`eligible` = ?) AND (`adjustments`.`order_id` = ?) AND (`adjustments`.`adjustment_type` = ?) AND (`adjustments`.`vaccount_id` = ?) ORDER BY `adjustments`.`id` ASC LIMIT 1 [true 2 2 1] 1]]]&#34; pkg=mysql&#xA;{{{2 2021-07-28 06:13:07 +0530 IST 2021-07-28 06:13:07 +0530 IST} 1} 100 true 0  Shipping Charges false 2 0 20 2 0}&#xA;• Failure [0.004 seconds]&#xA;CreateAdjustmentService&#xA;/Users/suriyasrinivasan/GoLang/src/github.com/voonik/sc2/internal/app/test/services/create_adjustment_service/create_shipping_charges_test.go:20&#xA;  Create AdjustMent&#xA;  /Users/suriyasrinivasan/GoLang/src/github.com/voonik/sc2/internal/app/test/services/create_adjustment_service/create_shipping_charges_test.go:29&#xA;    Create ShippingCharges [It]&#xA;    /Users/suriyasrinivasan/GoLang/src/github.com/voonik/sc2/internal/app/test/services/create_adjustment_service/create_shipping_charges_test.go:30&#xA;&#xA;    Expected&#xA;        &lt;string&gt;: Shipping Charges&#xA;    to equal&#xA;        &lt;string&gt;: hipping Charges&#xA;&#xA;    /Users/suriyasrinivasan/GoLang/src/github.com/voonik/sc2/internal/app/test/services/create_adjustment_service/create_shipping_charges_test.go:49&#xA;------------------------------&#xA;Inside After Suite !!!!&#xA;&#xA;&#xA;Summarizing 2 Failures:&#xA;&#xA;[Fail] CreateAdjustmentService Create AdjustMent [It] Create Discount &#xA;/Users/suriyasrinivasan/GoLang/src/github.com/voonik/sc2/internal/app/test/services/create_adjustment_service/create_discount_test.go:55&#xA;&#xA;[Fail] CreateAdjustmentService Create AdjustMent [It] Create ShippingCharges &#xA;/Users/suriyasrinivasan/GoLang/src/github.com/voonik/sc2/internal/app/test/services/create_adjustment_service/create_shipping_charges_test.go:49&#xA;&#xA;Ran 2 of 2 Specs in 0.045 seconds&#xA;FAIL! -- 0 Passed | 2 Failed | 0 Pending | 0 Skipped</failure>
		</testcase>
	</testsuite>
	<testsuite tests="1" failures="0" time="0.562" name="github.com/voonik/sc2/internal/app/test/services/get_cart_data">
		<properties>
			<property name="go.version" value="go1.16.3"></property>
			<property name="coverage.statements.pct" value="43.5"></property>
		</properties>
		<testcase classname="get_cart_data" name="TestGetCartDataService" time="0.090"></testcase>
	</testsuite>
	<testsuite tests="1" failures="0" time="0.564" name="github.com/voonik/sc2/internal/app/test/services/loan_service">
		<properties>
			<property name="go.version" value="go1.16.3"></property>
			<property name="coverage.statements.pct" value="13.8"></property>
		</properties>
		<testcase classname="loan_service" name="TestLoanService" time="0.050"></testcase>
	</testsuite>
	<testsuite tests="1" failures="0" time="0.433" name="github.com/voonik/sc2/internal/app/test/services/order_reconcillation_log_service">
		<properties>
			<property name="go.version" value="go1.16.3"></property>
			<property name="coverage.statements.pct" value="4.5"></property>
		</properties>
		<testcase classname="order_reconcillation_log_service" name="TestOrderReconcillationLogService" time="0.020"></testcase>
	</testsuite>
</testsuites>
