<?xml version="1.0" encoding="UTF-8"?>
<testsuites>
	<testsuite tests="1" failures="0" time="0.800" name="github.com/voonik/sc2/internal/app/test/models">
		<properties>
			<property name="go.version" value="go1.16.3"></property>
			<property name="coverage.statements.pct" value="1.4"></property>
		</properties>
		<testcase classname="models" name="TestModels" time="0.020"></testcase>
	</testsuite>
	<testsuite tests="1" failures="0" time="1.009" name="github.com/voonik/sc2/internal/app/test/services/create_adjustment_service">
		<properties>
			<property name="go.version" value="go1.16.3"></property>
			<property name="coverage.statements.pct" value="6.8"></property>
		</properties>
		<testcase classname="create_adjustment_service" name="TestCreateAdjustmentService" time="0.030"></testcase>
	</testsuite>
	<testsuite tests="1" failures="0" time="0.476" name="github.com/voonik/sc2/internal/app/test/services/get_cart_data">
		<properties>
			<property name="go.version" value="go1.16.3"></property>
			<property name="coverage.statements.pct" value="43.5"></property>
		</properties>
		<testcase classname="get_cart_data" name="TestGetCartDataService" time="0.080"></testcase>
	</testsuite>
	<testsuite tests="1" failures="0" time="1.220" name="github.com/voonik/sc2/internal/app/test/services/loan_service">
		<properties>
			<property name="go.version" value="go1.16.3"></property>
			<property name="coverage.statements.pct" value="13.8"></property>
		</properties>
		<testcase classname="loan_service" name="TestLoanService" time="0.030"></testcase>
	</testsuite>
	<testsuite tests="1" failures="0" time="0.598" name="github.com/voonik/sc2/internal/app/test/services/order_reconcillation_log_service">
		<properties>
			<property name="go.version" value="go1.16.3"></property>
			<property name="coverage.statements.pct" value="4.5"></property>
		</properties>
		<testcase classname="order_reconcillation_log_service" name="TestOrderReconcillationLogService" time="0.010"></testcase>
	</testsuite>
</testsuites>
